<?xml version="1.0" encoding="UTF-8"?>
<!-- Generated by org.testng.reporters.JUnitReportReporter -->
<testsuite skipped="0" hostname="DESKTOP-LTJEN7M" name="packageBT_TC.Testcase_1" tests="1" failures="0" timestamp="2020-12-31T22:19:11 IST" time="30.005" errors="0">
  <testcase name="chromeTest" time="30.005" classname="packageBT_TC.Testcase_1"/>
  <system-out/>
</testsuite> <!-- packageBT_TC.Testcase_1 -->
