<?xml version="1.0" encoding="UTF-8"?>
<!-- Generated by org.testng.reporters.JUnitReportReporter -->
<testsuite skipped="0" hostname="DESKTOP-LTJEN7M" name="testCases.HomePageQA" tests="2" failures="0" timestamp="2021-01-01T19:55:06 IST" time="91.348" errors="0">
  <testcase name="testingServiceNavigation" time="44.876" classname="testCases.HomePageQA"/>
  <system-out/>
  <testcase name="testingServiceNavigation" time="46.472" classname="testCases.HomePageQA"/>
  <system-out/>
</testsuite> <!-- testCases.HomePageQA -->
